[START] Patchnote View Model export/build v102_export_build_deploy
[DB] 36f3453a-cf42-8111-9282-c01dad5a0835
[QUERY] batch=1 already=0
[QUERY] batch=1 got=100 total=100
[QUERY] batch=2 already=100
[QUERY] batch=2 got=100 total=200
[QUERY] batch=3 already=200
[QUERY] batch=3 got=100 total=300
[QUERY] batch=4 already=300
[QUERY] batch=4 got=100 total=400
[QUERY] batch=5 already=400
[QUERY] batch=5 got=100 total=500
[QUERY] batch=6 already=500
[QUERY] batch=6 got=100 total=600
[QUERY] batch=7 already=600
[QUERY] batch=7 got=100 total=700
[QUERY] batch=8 already=700
[QUERY] batch=8 got=78 total=778
[DONE] export/build complete
queried_pages=778 updates=778 releases=5 body_summary=778 general_patch_summary=775 missing_body=0 bad_pages=0
timeline=C:\Users\total\Downloads\patchnote_view_model_export_build_deploy_v102\exports\timeline_data_view_model_v102_export_build_deploy.json
html=C:\Users\total\Downloads\patchnote_view_model_export_build_deploy_v102\exports\index-2_view_model_v102_export_build_deploy.html
audit=C:\Users\total\Downloads\patchnote_view_model_export_build_deploy_v102\exports\export_audit_v102_export_build_deploy.json
